TN:
SF:anagrams\groupAnagram.js
FN:4,(anonymous_0)
FNF:1
FNH:1
FNDA:2,(anonymous_0)
DA:2,1
DA:4,1
DA:5,2
DA:7,2
DA:9,12
DA:11,12
DA:12,6
DA:14,6
DA:18,2
DA:21,1
DA:23,1
LF:11
LH:11
BRDA:11,0,0,6
BRDA:11,0,1,6
BRF:2
BRH:2
end_of_record
TN:
SF:firstUniqueChar\char.js
FN:5,(anonymous_0)
FNF:1
FNH:1
FNDA:2,(anonymous_0)
DA:3,1
DA:5,1
DA:7,2
DA:11,2
DA:12,20
DA:13,12
DA:15,8
DA:21,2
DA:22,20
DA:23,2
DA:25,18
DA:31,0
DA:34,1
DA:39,1
LF:14
LH:13
BRDA:12,0,0,12
BRDA:12,0,1,8
BRDA:22,1,0,2
BRDA:22,1,1,18
BRF:4
BRH:4
end_of_record
TN:
SF:removeSWords\sWords.js
FN:3,(anonymous_0)
FN:4,(anonymous_1)
FNF:2
FNH:2
FNDA:6,(anonymous_0)
FNDA:20,(anonymous_1)
DA:1,1
DA:3,1
DA:4,20
DA:7,1
DA:9,1
LF:5
LH:5
BRF:0
BRH:0
end_of_record
TN:
SF:validPalindrome\palindrome.js
FN:6,(anonymous_0)
FNF:1
FNH:1
FNDA:3,(anonymous_0)
DA:3,1
DA:4,1
DA:6,1
DA:8,3
DA:10,3
DA:11,3
DA:12,3
DA:13,7
DA:14,6
DA:15,6
DA:17,2
DA:20,1
DA:26,1
LF:13
LH:13
BRDA:13,0,0,1
BRDA:13,0,1,6
BRF:2
BRH:2
end_of_record
