TN:
SF:LinkedList\llClass.js
FN:2,(anonymous_0)
FN:7,(anonymous_1)
FN:13,(anonymous_2)
FN:22,(anonymous_3)
FN:26,(anonymous_4)
FN:32,(anonymous_5)
FNF:6
FNH:6
FNDA:9,(anonymous_0)
FNDA:24,(anonymous_1)
FNDA:6,(anonymous_2)
FNDA:3,(anonymous_3)
FNDA:24,(anonymous_4)
FNDA:8,(anonymous_5)
DA:3,9
DA:4,9
DA:8,24
DA:9,24
DA:10,24
DA:14,6
DA:15,4
DA:17,4
DA:18,6
DA:20,4
DA:27,24
DA:28,24
DA:32,1
DA:33,8
DA:34,8
DA:35,22
DA:37,8
DA:40,1
LF:18
LH:18
BRDA:14,0,0,2
BRDA:14,0,1,4
BRDA:14,1,0,6
BRDA:14,1,1,5
BRF:4
BRH:4
end_of_record
